<?xml version="1.0" encoding="UTF-8"?>
<!-- Generated by org.testng.reporters.JUnitXMLReporter -->
<testsuite hostname="PL1INPUN0323PC" name="Default test" tests="7" failures="0" timestamp="25 Apr 2017 12:29:45 GMT" time="13.007" errors="0">
  <testcase name="testCreateEmployee" time="0.141" classname="com.Example1.Company.ServiceLayerTest"/>
  <testcase name="testAddRoleForEmployee" time="0.359" classname="com.Example1.Company.ServiceLayerTest"/>
  <testcase name="testFetchEmployee" time="0.0" classname="com.Example1.Company.ServiceLayerTest"/>
  <testcase name="testAddProjectForEmployee" time="0.218" classname="com.Example1.Company.ServiceLayerTest"/>
  <testcase name="testRemoveProjectForEmployee" time="0.047" classname="com.Example1.Company.ServiceLayerTest"/>
  <testcase name="testRemoveRoleForEmployee" time="0.093" classname="com.Example1.Company.ServiceLayerTest"/>
  <testcase name="deleteEmployee" time="0.047" classname="com.Example1.Company.ServiceLayerTest"/>
</testsuite> <!-- Default test -->
